Analysis & Synthesis report for SD_3
Thu Jun 13 00:23:19 2024
Quartus Prime Version 20.1.1 Build 720 11/11/2020 SJ Lite Edition


---------------------
; Table of Contents ;
---------------------
  1. Legal Notice
  2. Analysis & Synthesis Summary
  3. Analysis & Synthesis Settings
  4. Parallel Compilation
  5. Analysis & Synthesis Source Files Read
  6. Analysis & Synthesis Resource Usage Summary
  7. Analysis & Synthesis Resource Utilization by Entity
  8. State Machine - |DUT|SD_3:dut_instance|y_p2
  9. State Machine - |DUT|SD_3:dut_instance|y_p1
 10. Registers Removed During Synthesis
 11. General Register Statistics
 12. Analysis & Synthesis Messages



----------------
; Legal Notice ;
----------------
Copyright (C) 2020  Intel Corporation. All rights reserved.
Your use of Intel Corporation's design tools, logic functions 
and other software and tools, and any partner logic 
functions, and any output files from any of the foregoing 
(including device programming or simulation files), and any 
associated documentation or information are expressly subject 
to the terms and conditions of the Intel Program License 
Subscription Agreement, the Intel Quartus Prime License Agreement,
the Intel FPGA IP License Agreement, or other applicable license
agreement, including, without limitation, that your use is for
the sole purpose of programming logic devices manufactured by
Intel and sold by Intel or its authorized distributors.  Please
refer to the applicable agreement for further details, at
https://fpgasoftware.intel.com/eula.



+---------------------------------------------------------------------------+
; Analysis & Synthesis Summary                                              ;
+-----------------------------+---------------------------------------------+
; Analysis & Synthesis Status ; Successful - Thu Jun 13 00:23:19 2024       ;
; Quartus Prime Version       ; 20.1.1 Build 720 11/11/2020 SJ Lite Edition ;
; Revision Name               ; SD_3                                        ;
; Top-level Entity Name       ; DUT                                         ;
; Family                      ; MAX V                                       ;
; Total logic elements        ; 26                                          ;
; Total pins                  ; 8                                           ;
; Total virtual pins          ; 0                                           ;
; UFM blocks                  ; 0 / 1 ( 0 % )                               ;
+-----------------------------+---------------------------------------------+


+------------------------------------------------------------------------------------------------------------+
; Analysis & Synthesis Settings                                                                              ;
+------------------------------------------------------------------+--------------------+--------------------+
; Option                                                           ; Setting            ; Default Value      ;
+------------------------------------------------------------------+--------------------+--------------------+
; Device                                                           ; 5M1270ZT144C5      ;                    ;
; Top-level entity name                                            ; DUT                ; SD_3               ;
; Family name                                                      ; MAX V              ; Cyclone V          ;
; Use smart compilation                                            ; Off                ; Off                ;
; Enable parallel Assembler and Timing Analyzer during compilation ; On                 ; On                 ;
; Enable compact report table                                      ; Off                ; Off                ;
; Restructure Multiplexers                                         ; Auto               ; Auto               ;
; Create Debugging Nodes for IP Cores                              ; Off                ; Off                ;
; Preserve fewer node names                                        ; On                 ; On                 ;
; Intel FPGA IP Evaluation Mode                                    ; Enable             ; Enable             ;
; Verilog Version                                                  ; Verilog_2001       ; Verilog_2001       ;
; VHDL Version                                                     ; VHDL_1993          ; VHDL_1993          ;
; State Machine Processing                                         ; Auto               ; Auto               ;
; Safe State Machine                                               ; Off                ; Off                ;
; Extract Verilog State Machines                                   ; On                 ; On                 ;
; Extract VHDL State Machines                                      ; On                 ; On                 ;
; Ignore Verilog initial constructs                                ; Off                ; Off                ;
; Iteration limit for constant Verilog loops                       ; 5000               ; 5000               ;
; Iteration limit for non-constant Verilog loops                   ; 250                ; 250                ;
; Add Pass-Through Logic to Inferred RAMs                          ; On                 ; On                 ;
; Infer RAMs from Raw Logic                                        ; On                 ; On                 ;
; Parallel Synthesis                                               ; On                 ; On                 ;
; NOT Gate Push-Back                                               ; On                 ; On                 ;
; Power-Up Don't Care                                              ; On                 ; On                 ;
; Remove Redundant Logic Cells                                     ; Off                ; Off                ;
; Remove Duplicate Registers                                       ; On                 ; On                 ;
; Ignore CARRY Buffers                                             ; Off                ; Off                ;
; Ignore CASCADE Buffers                                           ; Off                ; Off                ;
; Ignore GLOBAL Buffers                                            ; Off                ; Off                ;
; Ignore ROW GLOBAL Buffers                                        ; Off                ; Off                ;
; Ignore LCELL Buffers                                             ; Off                ; Off                ;
; Ignore SOFT Buffers                                              ; On                 ; On                 ;
; Limit AHDL Integers to 32 Bits                                   ; Off                ; Off                ;
; Optimization Technique                                           ; Balanced           ; Balanced           ;
; Carry Chain Length                                               ; 70                 ; 70                 ;
; Auto Carry Chains                                                ; On                 ; On                 ;
; Auto Open-Drain Pins                                             ; On                 ; On                 ;
; Perform WYSIWYG Primitive Resynthesis                            ; Off                ; Off                ;
; Auto Shift Register Replacement                                  ; Auto               ; Auto               ;
; Allow Shift Register Merging across Hierarchies                  ; Auto               ; Auto               ;
; Auto Clock Enable Replacement                                    ; On                 ; On                 ;
; Allow Synchronous Control Signals                                ; On                 ; On                 ;
; Force Use of Synchronous Clear Signals                           ; Off                ; Off                ;
; Auto Resource Sharing                                            ; Off                ; Off                ;
; Use LogicLock Constraints during Resource Balancing              ; On                 ; On                 ;
; Ignore translate_off and synthesis_off directives                ; Off                ; Off                ;
; Report Parameter Settings                                        ; On                 ; On                 ;
; Report Source Assignments                                        ; On                 ; On                 ;
; Report Connectivity Checks                                       ; On                 ; On                 ;
; Ignore Maximum Fan-Out Assignments                               ; Off                ; Off                ;
; Synchronization Register Chain Length                            ; 2                  ; 2                  ;
; Power Optimization During Synthesis                              ; Normal compilation ; Normal compilation ;
; HDL message level                                                ; Level2             ; Level2             ;
; Suppress Register Optimization Related Messages                  ; Off                ; Off                ;
; Number of Removed Registers Reported in Synthesis Report         ; 5000               ; 5000               ;
; Number of Swept Nodes Reported in Synthesis Report               ; 5000               ; 5000               ;
; Number of Inverted Registers Reported in Synthesis Report        ; 100                ; 100                ;
; Clock MUX Protection                                             ; On                 ; On                 ;
; Block Design Naming                                              ; Auto               ; Auto               ;
; Synthesis Effort                                                 ; Auto               ; Auto               ;
; Shift Register Replacement - Allow Asynchronous Clear Signal     ; On                 ; On                 ;
; Analysis & Synthesis Message Level                               ; Medium             ; Medium             ;
; Disable Register Merging Across Hierarchies                      ; Auto               ; Auto               ;
+------------------------------------------------------------------+--------------------+--------------------+


+------------------------------------------+
; Parallel Compilation                     ;
+----------------------------+-------------+
; Processors                 ; Number      ;
+----------------------------+-------------+
; Number detected on machine ; 16          ;
; Maximum allowed            ; 12          ;
;                            ;             ;
; Average used               ; 1.00        ;
; Maximum used               ; 1           ;
;                            ;             ;
; Usage by Processor         ; % Time Used ;
;     Processor 1            ; 100.0%      ;
+----------------------------+-------------+


+-----------------------------------------------------------------------------------------------------------------------------+
; Analysis & Synthesis Source Files Read                                                                                      ;
+----------------------------------+-----------------+-----------------+--------------------------------------------+---------+
; File Name with User-Entered Path ; Used in Netlist ; File Type       ; File Name with Absolute Path               ; Library ;
+----------------------------------+-----------------+-----------------+--------------------------------------------+---------+
; DUT.vhdl                         ; yes             ; User VHDL File  ; C:/Users/rudra/VHDL_Codes/PS_HW_8/DUT.vhdl ;         ;
; SD_3.vhd                         ; yes             ; User VHDL File  ; C:/Users/rudra/VHDL_Codes/PS_HW_8/SD_3.vhd ;         ;
+----------------------------------+-----------------+-----------------+--------------------------------------------+---------+


+---------------------------------------------------------------+
; Analysis & Synthesis Resource Usage Summary                   ;
+---------------------------------------------+-----------------+
; Resource                                    ; Usage           ;
+---------------------------------------------+-----------------+
; Total logic elements                        ; 26              ;
;     -- Combinational with no register       ; 18              ;
;     -- Register only                        ; 0               ;
;     -- Combinational with a register        ; 8               ;
;                                             ;                 ;
; Logic element usage by number of LUT inputs ;                 ;
;     -- 4 input functions                    ; 11              ;
;     -- 3 input functions                    ; 8               ;
;     -- 2 input functions                    ; 7               ;
;     -- 1 input functions                    ; 0               ;
;     -- 0 input functions                    ; 0               ;
;                                             ;                 ;
; Logic elements by mode                      ;                 ;
;     -- normal mode                          ; 26              ;
;     -- arithmetic mode                      ; 0               ;
;     -- qfbk mode                            ; 0               ;
;     -- register cascade mode                ; 0               ;
;     -- synchronous clear/load mode          ; 0               ;
;     -- asynchronous clear/load mode         ; 0               ;
;                                             ;                 ;
; Total registers                             ; 8               ;
; I/O pins                                    ; 8               ;
; Maximum fan-out node                        ; input_vector[1] ;
; Maximum fan-out                             ; 10              ;
; Total fan-out                               ; 91              ;
; Average fan-out                             ; 2.68            ;
+---------------------------------------------+-----------------+


+---------------------------------------------------------------------------------------------------------------------------------------------------------------------------------------------------------------------------------------+
; Analysis & Synthesis Resource Utilization by Entity                                                                                                                                                                                   ;
+----------------------------+-------------+--------------+------------+------+--------------+--------------+-------------------+------------------+-----------------+------------+------------------------+-------------+--------------+
; Compilation Hierarchy Node ; Logic Cells ; LC Registers ; UFM Blocks ; Pins ; Virtual Pins ; LUT-Only LCs ; Register-Only LCs ; LUT/Register LCs ; Carry Chain LCs ; Packed LCs ; Full Hierarchy Name    ; Entity Name ; Library Name ;
+----------------------------+-------------+--------------+------------+------+--------------+--------------+-------------------+------------------+-----------------+------------+------------------------+-------------+--------------+
; |DUT                       ; 26 (0)      ; 8            ; 0          ; 8    ; 0            ; 18 (0)       ; 0 (0)             ; 8 (0)            ; 0 (0)           ; 0 (0)      ; |DUT                   ; DUT         ; work         ;
;    |SD_3:dut_instance|     ; 26 (26)     ; 8            ; 0          ; 0    ; 0            ; 18 (18)      ; 0 (0)             ; 8 (8)            ; 0 (0)           ; 0 (0)      ; |DUT|SD_3:dut_instance ; SD_3        ; work         ;
+----------------------------+-------------+--------------+------------+------+--------------+--------------+-------------------+------------------+-----------------+------------+------------------------+-------------+--------------+
Note: For table entries with two numbers listed, the numbers in parentheses indicate the number of resources of the given type used by the specific entity alone. The numbers listed outside of parentheses indicate the total resources of the given type used by the specific entity and all of its sub-entities in the hierarchy.


Encoding Type:  One-Hot
+---------------------------------------------------------------------------------------+
; State Machine - |DUT|SD_3:dut_instance|y_p2                                           ;
+----------+----------+----------+----------+----------+----------+----------+----------+
; Name     ; y_p2.s23 ; y_p2.s22 ; y_p2.s21 ; y_p2.s13 ; y_p2.s12 ; y_p2.s11 ; y_p2.rst ;
+----------+----------+----------+----------+----------+----------+----------+----------+
; y_p2.rst ; 0        ; 0        ; 0        ; 0        ; 0        ; 0        ; 0        ;
; y_p2.s11 ; 0        ; 0        ; 0        ; 0        ; 0        ; 1        ; 1        ;
; y_p2.s12 ; 0        ; 0        ; 0        ; 0        ; 1        ; 0        ; 1        ;
; y_p2.s13 ; 0        ; 0        ; 0        ; 1        ; 0        ; 0        ; 1        ;
; y_p2.s21 ; 0        ; 0        ; 1        ; 0        ; 0        ; 0        ; 1        ;
; y_p2.s22 ; 0        ; 1        ; 0        ; 0        ; 0        ; 0        ; 1        ;
; y_p2.s23 ; 1        ; 0        ; 0        ; 0        ; 0        ; 0        ; 1        ;
+----------+----------+----------+----------+----------+----------+----------+----------+


Encoding Type:  One-Hot
+---------------------------------------------------------------------------------------+
; State Machine - |DUT|SD_3:dut_instance|y_p1                                           ;
+----------+----------+----------+----------+----------+----------+----------+----------+
; Name     ; y_p1.s23 ; y_p1.s22 ; y_p1.s21 ; y_p1.s13 ; y_p1.s12 ; y_p1.s11 ; y_p1.rst ;
+----------+----------+----------+----------+----------+----------+----------+----------+
; y_p1.rst ; 0        ; 0        ; 0        ; 0        ; 0        ; 0        ; 0        ;
; y_p1.s11 ; 0        ; 0        ; 0        ; 0        ; 0        ; 1        ; 1        ;
; y_p1.s12 ; 0        ; 0        ; 0        ; 0        ; 1        ; 0        ; 1        ;
; y_p1.s13 ; 0        ; 0        ; 0        ; 1        ; 0        ; 0        ; 1        ;
; y_p1.s21 ; 0        ; 0        ; 1        ; 0        ; 0        ; 0        ; 1        ;
; y_p1.s22 ; 0        ; 1        ; 0        ; 0        ; 0        ; 0        ; 1        ;
; y_p1.s23 ; 1        ; 0        ; 0        ; 0        ; 0        ; 0        ; 1        ;
+----------+----------+----------+----------+----------+----------+----------+----------+


+--------------------------------------------------------------------------------+
; Registers Removed During Synthesis                                             ;
+---------------------------------------+----------------------------------------+
; Register name                         ; Reason for Removal                     ;
+---------------------------------------+----------------------------------------+
; SD_3:dut_instance|y_p1.s22            ; Merged with SD_3:dut_instance|y_p1.s21 ;
; SD_3:dut_instance|y_p1.s23            ; Merged with SD_3:dut_instance|y_p1.s21 ;
; SD_3:dut_instance|y_p2.s11            ; Merged with SD_3:dut_instance|y_p1.s21 ;
; SD_3:dut_instance|y_p2.s12            ; Merged with SD_3:dut_instance|y_p1.s21 ;
; SD_3:dut_instance|y_p2.s13            ; Merged with SD_3:dut_instance|y_p1.s21 ;
; SD_3:dut_instance|y_p1.s21            ; Stuck at GND due to stuck port data_in ;
; Total Number of Removed Registers = 6 ;                                        ;
+---------------------------------------+----------------------------------------+


+------------------------------------------------------+
; General Register Statistics                          ;
+----------------------------------------------+-------+
; Statistic                                    ; Value ;
+----------------------------------------------+-------+
; Total registers                              ; 8     ;
; Number of registers using Synchronous Clear  ; 0     ;
; Number of registers using Synchronous Load   ; 0     ;
; Number of registers using Asynchronous Clear ; 0     ;
; Number of registers using Asynchronous Load  ; 0     ;
; Number of registers using Clock Enable       ; 0     ;
; Number of registers using Preset             ; 0     ;
+----------------------------------------------+-------+


+-------------------------------+
; Analysis & Synthesis Messages ;
+-------------------------------+
Info: *******************************************************************
Info: Running Quartus Prime Analysis & Synthesis
    Info: Version 20.1.1 Build 720 11/11/2020 SJ Lite Edition
    Info: Processing started: Thu Jun 13 00:23:12 2024
Info: Command: quartus_map --read_settings_files=on --write_settings_files=off SD_3 -c SD_3
Warning (18236): Number of processors has not been specified which may cause overloading on shared machines.  Set the global assignment NUM_PARALLEL_PROCESSORS in your QSF to an appropriate value for best performance.
Info (20030): Parallel compilation is enabled and will use 12 of the 12 processors detected
Info (12021): Found 2 design units, including 1 entities, in source file testbench.vhdl
    Info (12022): Found design unit 1: Testbench-Behave File: C:/Users/rudra/VHDL_Codes/PS_HW_8/Testbench.vhdl Line: 9
    Info (12023): Found entity 1: Testbench File: C:/Users/rudra/VHDL_Codes/PS_HW_8/Testbench.vhdl Line: 7
Info (12021): Found 2 design units, including 1 entities, in source file dut.vhdl
    Info (12022): Found design unit 1: DUT-DutWrap File: C:/Users/rudra/VHDL_Codes/PS_HW_8/DUT.vhdl Line: 13
    Info (12023): Found entity 1: DUT File: C:/Users/rudra/VHDL_Codes/PS_HW_8/DUT.vhdl Line: 8
Info (12021): Found 2 design units, including 1 entities, in source file sd_3.vhd
    Info (12022): Found design unit 1: SD_3-bhv File: C:/Users/rudra/VHDL_Codes/PS_HW_8/SD_3.vhd Line: 11
    Info (12023): Found entity 1: SD_3 File: C:/Users/rudra/VHDL_Codes/PS_HW_8/SD_3.vhd Line: 5
Info (12127): Elaborating entity "DUT" for the top level hierarchy
Info (12128): Elaborating entity "SD_3" for hierarchy "SD_3:dut_instance" File: C:/Users/rudra/VHDL_Codes/PS_HW_8/DUT.vhdl Line: 26
Info (21057): Implemented 34 device resources after synthesis - the final resource count might be different
    Info (21058): Implemented 7 input pins
    Info (21059): Implemented 1 output pins
    Info (21061): Implemented 26 logic cells
Info: Quartus Prime Analysis & Synthesis was successful. 0 errors, 1 warning
    Info: Peak virtual memory: 4755 megabytes
    Info: Processing ended: Thu Jun 13 00:23:19 2024
    Info: Elapsed time: 00:00:07
    Info: Total CPU time (on all processors): 00:00:06


